2024-10-21 04:05:14,707 DBHelper.cpp:28 DEBUG Execite sql command: CREATE TABLE IF NOT EXISTS ATTENDEE (id					 INTEGER		PRIMARY KEY	AUTOINCREMENT,user_name           TEXT			NOT NULL,title			     TEXT			NOT NULL,title2				 TEXT			NOT NULL DEFAULT "",qr_code		     VARCHAR(255)	NOT NULL DEFAULT "");
2024-10-21 04:05:14,723 DBHelper.cpp:28 DEBUG Execite sql command: CREATE TABLE IF NOT EXISTS LABEL (id					 INTEGER		PRIMARY KEY	AUTOINCREMENT,logo_name			 TEXT			DEFAULT NULL,logo			     BLOB			DEFAULT NULL,width			     INTEGER		DEFAULT NULL,height			     INTEGER		DEFAULT NULL,numcomponents		 INTEGER		DEFAULT NULL,background_color    TEXT  NOT NULL DEFAULT "FFFFFF");
2024-10-21 04:05:14,728 DBHelper.cpp:28 DEBUG Execite sql command: SELECT COUNT(*) FROM ATTENDEE;
2024-10-21 04:05:14,728 DBHelper.cpp:28 DEBUG Execite sql command: SELECT * FROM ATTENDEE;
2024-10-21 04:05:22,526 DBHelper.cpp:28 DEBUG Execite sql command: INSERT INTO ATTENDEE (user_name, title, title2, qr_code) VALUES ("Row 1","Second","Third","");
2024-10-21 04:05:22,545 DBHelper.cpp:28 DEBUG Execite sql command: INSERT INTO ATTENDEE (user_name, title, title2, qr_code) VALUES ("Row 2","Second","Third","");
2024-10-21 04:05:22,555 DBHelper.cpp:28 DEBUG Execite sql command: INSERT INTO ATTENDEE (user_name, title, title2, qr_code) VALUES ("Row 3","Second","Third","");
2024-10-21 04:05:22,567 DBHelper.cpp:28 DEBUG Execite sql command: INSERT INTO ATTENDEE (user_name, title, title2, qr_code) VALUES ("Row 4","Second","Third","");
2024-10-21 04:05:22,577 DBHelper.cpp:28 DEBUG Execite sql command: SELECT COUNT(*) FROM ATTENDEE;
2024-10-21 04:05:22,578 DBHelper.cpp:28 DEBUG Execite sql command: SELECT * FROM ATTENDEE;
2024-10-21 04:05:47,442 DBHelper.cpp:28 DEBUG Execite sql command: CREATE TABLE IF NOT EXISTS ATTENDEE (id					 INTEGER		PRIMARY KEY	AUTOINCREMENT,user_name           TEXT			NOT NULL,title			     TEXT			NOT NULL,title2				 TEXT			NOT NULL DEFAULT "",qr_code		     VARCHAR(255)	NOT NULL DEFAULT "");
2024-10-21 04:05:47,443 DBHelper.cpp:28 DEBUG Execite sql command: CREATE TABLE IF NOT EXISTS LABEL (id					 INTEGER		PRIMARY KEY	AUTOINCREMENT,logo_name			 TEXT			DEFAULT NULL,logo			     BLOB			DEFAULT NULL,width			     INTEGER		DEFAULT NULL,height			     INTEGER		DEFAULT NULL,numcomponents		 INTEGER		DEFAULT NULL,background_color    TEXT  NOT NULL DEFAULT "FFFFFF");
2024-10-21 04:05:47,443 DBHelper.cpp:28 DEBUG Execite sql command: SELECT COUNT(*) FROM ATTENDEE;
2024-10-21 04:05:47,443 DBHelper.cpp:28 DEBUG Execite sql command: SELECT * FROM ATTENDEE;
2024-10-21 05:40:11,357 DBHelper.cpp:28 DEBUG Execite sql command: CREATE TABLE IF NOT EXISTS ATTENDEE (id					 INTEGER		PRIMARY KEY	AUTOINCREMENT,user_name           TEXT			NOT NULL,title			     TEXT			NOT NULL,title2				 TEXT			NOT NULL DEFAULT "",qr_code		     VARCHAR(255)	NOT NULL DEFAULT "");
2024-10-21 05:40:11,357 DBHelper.cpp:28 DEBUG Execite sql command: CREATE TABLE IF NOT EXISTS LABEL (id					 INTEGER		PRIMARY KEY	AUTOINCREMENT,logo_name			 TEXT			DEFAULT NULL,logo			     BLOB			DEFAULT NULL,width			     INTEGER		DEFAULT NULL,height			     INTEGER		DEFAULT NULL,numcomponents		 INTEGER		DEFAULT NULL,background_color    TEXT  NOT NULL DEFAULT "FFFFFF");
2024-10-21 05:40:11,357 DBHelper.cpp:28 DEBUG Execite sql command: SELECT COUNT(*) FROM ATTENDEE;
2024-10-21 05:40:11,357 DBHelper.cpp:28 DEBUG Execite sql command: SELECT * FROM ATTENDEE;
2024-10-21 05:40:31,900 DBHelper.cpp:28 DEBUG Execite sql command: CREATE TABLE IF NOT EXISTS ATTENDEE (id					 INTEGER		PRIMARY KEY	AUTOINCREMENT,user_name           TEXT			NOT NULL,title			     TEXT			NOT NULL,title2				 TEXT			NOT NULL DEFAULT "",qr_code		     VARCHAR(255)	NOT NULL DEFAULT "");
2024-10-21 05:40:31,900 DBHelper.cpp:28 DEBUG Execite sql command: CREATE TABLE IF NOT EXISTS LABEL (id					 INTEGER		PRIMARY KEY	AUTOINCREMENT,logo_name			 TEXT			DEFAULT NULL,logo			     BLOB			DEFAULT NULL,width			     INTEGER		DEFAULT NULL,height			     INTEGER		DEFAULT NULL,numcomponents		 INTEGER		DEFAULT NULL,background_color    TEXT  NOT NULL DEFAULT "FFFFFF");
2024-10-21 05:40:31,900 DBHelper.cpp:28 DEBUG Execite sql command: SELECT COUNT(*) FROM ATTENDEE;
2024-10-21 05:40:31,900 DBHelper.cpp:28 DEBUG Execite sql command: SELECT * FROM ATTENDEE;
