c:\users\79059\documents\work\qrcodescanner\build\qrcode.dir\release\vc143.pdb
c:\users\79059\documents\work\qrcodescanner\build\qrcode.dir\release\imgui_widgets.obj
c:\users\79059\documents\work\qrcodescanner\build\qrcode.dir\release\imgui_tables.obj
c:\users\79059\documents\work\qrcodescanner\build\qrcode.dir\release\imgui_draw.obj
c:\users\79059\documents\work\qrcodescanner\build\qrcode.dir\release\imgui_demo.obj
c:\users\79059\documents\work\qrcodescanner\build\qrcode.dir\release\imgui.obj
c:\users\79059\documents\work\qrcodescanner\build\qrcode.dir\release\imfiledialog.obj
c:\users\79059\documents\work\qrcodescanner\build\qrcode.dir\release\imgui_impl_opengl3.obj
c:\users\79059\documents\work\qrcodescanner\build\qrcode.dir\release\imgui_impl_glfw.obj
c:\users\79059\documents\work\qrcodescanner\build\qrcode.dir\release\windowdesigner.obj
c:\users\79059\documents\work\qrcodescanner\build\qrcode.dir\release\main.obj
c:\users\79059\documents\work\qrcodescanner\build\qrcode.dir\release\dbhelper.obj
c:\users\79059\documents\work\qrcodescanner\build\qrcode.dir\release\csvhelper.obj
c:\users\79059\documents\work\qrcodescanner\build\qrcode.dir\release\common.obj
c:\users\79059\documents\work\qrcodescanner\build\qrcode.dir\release\texture.obj
c:\users\79059\documents\work\qrcodescanner\build\qrcode.dir\release\imgui_impl_win32.obj
c:\users\79059\documents\work\qrcodescanner\build\qrcode.dir\release\imgui_impl_dx11.obj
c:\users\79059\documents\work\qrcodescanner\build\cmakefiles\generate.stamp
c:\users\79059\documents\work\qrcodescanner\x64\release\qrcode.exe
c:\users\79059\documents\work\qrcodescanner\x64\release\qrcode.pdb
c:\users\79059\documents\work\qrcodescanner\build\qrcode.dir\release\qrcode.ipdb
c:\users\79059\documents\work\qrcodescanner\build\qrcode.dir\release\qrcode.iobj
c:\users\79059\documents\work\qrcodescanner\build\qrcode.dir\release\qrcode.tlog\cl.command.1.tlog
c:\users\79059\documents\work\qrcodescanner\build\qrcode.dir\release\qrcode.tlog\cl.items.tlog
c:\users\79059\documents\work\qrcodescanner\build\qrcode.dir\release\qrcode.tlog\cl.read.1.tlog
c:\users\79059\documents\work\qrcodescanner\build\qrcode.dir\release\qrcode.tlog\cl.write.1.tlog
c:\users\79059\documents\work\qrcodescanner\build\qrcode.dir\release\qrcode.tlog\custombuild.command.1.tlog
c:\users\79059\documents\work\qrcodescanner\build\qrcode.dir\release\qrcode.tlog\custombuild.read.1.tlog
c:\users\79059\documents\work\qrcodescanner\build\qrcode.dir\release\qrcode.tlog\custombuild.write.1.tlog
c:\users\79059\documents\work\qrcodescanner\build\qrcode.dir\release\qrcode.tlog\link.command.1.tlog
c:\users\79059\documents\work\qrcodescanner\build\qrcode.dir\release\qrcode.tlog\link.read.1.tlog
c:\users\79059\documents\work\qrcodescanner\build\qrcode.dir\release\qrcode.tlog\link.secondary.1.tlog
c:\users\79059\documents\work\qrcodescanner\build\qrcode.dir\release\qrcode.tlog\link.write.1.tlog
