c:\users\79059\documents\work\qrcodescanner\build\qrcode.dir\debug\vc143.pdb
c:\users\79059\documents\work\qrcodescanner\build\qrcode.dir\debug\imgui_widgets.obj
c:\users\79059\documents\work\qrcodescanner\build\qrcode.dir\debug\imgui_tables.obj
c:\users\79059\documents\work\qrcodescanner\build\qrcode.dir\debug\imgui_draw.obj
c:\users\79059\documents\work\qrcodescanner\build\qrcode.dir\debug\imgui_demo.obj
c:\users\79059\documents\work\qrcodescanner\build\qrcode.dir\debug\imgui.obj
c:\users\79059\documents\work\qrcodescanner\build\qrcode.dir\debug\imfiledialog.obj
c:\users\79059\documents\work\qrcodescanner\build\qrcode.dir\debug\imgui_impl_opengl3.obj
c:\users\79059\documents\work\qrcodescanner\build\qrcode.dir\debug\imgui_impl_glfw.obj
c:\users\79059\documents\work\qrcodescanner\build\qrcode.dir\debug\windowdesigner.obj
c:\users\79059\documents\work\qrcodescanner\build\qrcode.dir\debug\main.obj
c:\users\79059\documents\work\qrcodescanner\build\qrcode.dir\debug\dbhelper.obj
c:\users\79059\documents\work\qrcodescanner\build\qrcode.dir\debug\csvhelper.obj
c:\users\79059\documents\work\qrcodescanner\build\qrcode.dir\debug\common.obj
c:\users\79059\documents\work\qrcodescanner\build\qrcode.dir\debug\texture.obj
c:\users\79059\documents\work\qrcodescanner\build\cmakefiles\generate.stamp
c:\users\79059\documents\work\qrcodescanner\x64\debug\qrcode.exe
c:\users\79059\documents\work\qrcodescanner\x64\debug\qrcode.pdb
c:\users\79059\documents\work\qrcodescanner\build\qrcode.dir\debug\qrcode.ilk
c:\users\79059\documents\work\qrcodescanner\build\qrcode.dir\debug\qrcode.tlog\cl.command.1.tlog
c:\users\79059\documents\work\qrcodescanner\build\qrcode.dir\debug\qrcode.tlog\cl.items.tlog
c:\users\79059\documents\work\qrcodescanner\build\qrcode.dir\debug\qrcode.tlog\cl.read.1.tlog
c:\users\79059\documents\work\qrcodescanner\build\qrcode.dir\debug\qrcode.tlog\cl.write.1.tlog
c:\users\79059\documents\work\qrcodescanner\build\qrcode.dir\debug\qrcode.tlog\custombuild.command.1.tlog
c:\users\79059\documents\work\qrcodescanner\build\qrcode.dir\debug\qrcode.tlog\custombuild.read.1.tlog
c:\users\79059\documents\work\qrcodescanner\build\qrcode.dir\debug\qrcode.tlog\custombuild.write.1.tlog
c:\users\79059\documents\work\qrcodescanner\build\qrcode.dir\debug\qrcode.tlog\link.command.1.tlog
c:\users\79059\documents\work\qrcodescanner\build\qrcode.dir\debug\qrcode.tlog\link.read.1.tlog
c:\users\79059\documents\work\qrcodescanner\build\qrcode.dir\debug\qrcode.tlog\link.secondary.1.tlog
c:\users\79059\documents\work\qrcodescanner\build\qrcode.dir\debug\qrcode.tlog\link.write.1.tlog
