  
  fxc.exe "BC7Encode.hlsl" /nologo /WX /Ges /Zi /Zpc /Qstrip_reflect /Qstrip_debug /Tcs_5_0 /ETryMode456CS "/FhC:\Users\79059\Documents\Work\QRCodeScanner\libs\DirectXTex\DirectXTex\Shaders/Compiled\BC7Encode_TryMode456CS.inc" "/FdC:\Users\79059\Documents\Work\QRCodeScanner\libs\DirectXTex\DirectXTex\Shaders/Compiled\BC7Encode_TryMode456CS.pdb" /VnBC7Encode_TryMode456CS
C:\Users\79059\Documents\Work\QRCodeScanner\libs\DirectXTex\DirectXTex\DirectXTex_Windows10_2022.vcxproj(348,5): error : 'fxc.exe' is not recognized as an internal or external command,
C:\Users\79059\Documents\Work\QRCodeScanner\libs\DirectXTex\DirectXTex\DirectXTex_Windows10_2022.vcxproj(348,5): error : operable program or batch file.
  fxc.exe "BC7Encode.hlsl" /nologo /WX /Ges /Zi /Zpc /Qstrip_reflect /Qstrip_debug /Tcs_4_0 /DEMULATE_F16C /ETryMode456CS "/FhC:\Users\79059\Documents\Work\QRCodeScanner\libs\DirectXTex\DirectXTex\Shaders/Compiled\BC7Encode_TryMode456CS_cs40.inc" "/FdC:\Users\79059\Documents\Work\QRCodeScanner\libs\DirectXTex\DirectXTex\Shaders/Compiled\BC7Encode_TryMode456CS_cs40.pdb" /VnBC7Encode_TryMode456CS
C:\Users\79059\Documents\Work\QRCodeScanner\libs\DirectXTex\DirectXTex\DirectXTex_Windows10_2022.vcxproj(348,5): error : 'fxc.exe' is not recognized as an internal or external command,
C:\Users\79059\Documents\Work\QRCodeScanner\libs\DirectXTex\DirectXTex\DirectXTex_Windows10_2022.vcxproj(348,5): error : operable program or batch file.
  
  fxc.exe "BC7Encode.hlsl" /nologo /WX /Ges /Zi /Zpc /Qstrip_reflect /Qstrip_debug /Tcs_5_0 /ETryMode137CS "/FhC:\Users\79059\Documents\Work\QRCodeScanner\libs\DirectXTex\DirectXTex\Shaders/Compiled\BC7Encode_TryMode137CS.inc" "/FdC:\Users\79059\Documents\Work\QRCodeScanner\libs\DirectXTex\DirectXTex\Shaders/Compiled\BC7Encode_TryMode137CS.pdb" /VnBC7Encode_TryMode137CS
C:\Users\79059\Documents\Work\QRCodeScanner\libs\DirectXTex\DirectXTex\DirectXTex_Windows10_2022.vcxproj(348,5): error : 'fxc.exe' is not recognized as an internal or external command,
C:\Users\79059\Documents\Work\QRCodeScanner\libs\DirectXTex\DirectXTex\DirectXTex_Windows10_2022.vcxproj(348,5): error : operable program or batch file.
  fxc.exe "BC7Encode.hlsl" /nologo /WX /Ges /Zi /Zpc /Qstrip_reflect /Qstrip_debug /Tcs_4_0 /DEMULATE_F16C /ETryMode137CS "/FhC:\Users\79059\Documents\Work\QRCodeScanner\libs\DirectXTex\DirectXTex\Shaders/Compiled\BC7Encode_TryMode137CS_cs40.inc" "/FdC:\Users\79059\Documents\Work\QRCodeScanner\libs\DirectXTex\DirectXTex\Shaders/Compiled\BC7Encode_TryMode137CS_cs40.pdb" /VnBC7Encode_TryMode137CS
C:\Users\79059\Documents\Work\QRCodeScanner\libs\DirectXTex\DirectXTex\DirectXTex_Windows10_2022.vcxproj(348,5): error : 'fxc.exe' is not recognized as an internal or external command,
C:\Users\79059\Documents\Work\QRCodeScanner\libs\DirectXTex\DirectXTex\DirectXTex_Windows10_2022.vcxproj(348,5): error : operable program or batch file.
  
  fxc.exe "BC7Encode.hlsl" /nologo /WX /Ges /Zi /Zpc /Qstrip_reflect /Qstrip_debug /Tcs_5_0 /ETryMode02CS "/FhC:\Users\79059\Documents\Work\QRCodeScanner\libs\DirectXTex\DirectXTex\Shaders/Compiled\BC7Encode_TryMode02CS.inc" "/FdC:\Users\79059\Documents\Work\QRCodeScanner\libs\DirectXTex\DirectXTex\Shaders/Compiled\BC7Encode_TryMode02CS.pdb" /VnBC7Encode_TryMode02CS
C:\Users\79059\Documents\Work\QRCodeScanner\libs\DirectXTex\DirectXTex\DirectXTex_Windows10_2022.vcxproj(348,5): error : 'fxc.exe' is not recognized as an internal or external command,
C:\Users\79059\Documents\Work\QRCodeScanner\libs\DirectXTex\DirectXTex\DirectXTex_Windows10_2022.vcxproj(348,5): error : operable program or batch file.
  fxc.exe "BC7Encode.hlsl" /nologo /WX /Ges /Zi /Zpc /Qstrip_reflect /Qstrip_debug /Tcs_4_0 /DEMULATE_F16C /ETryMode02CS "/FhC:\Users\79059\Documents\Work\QRCodeScanner\libs\DirectXTex\DirectXTex\Shaders/Compiled\BC7Encode_TryMode02CS_cs40.inc" "/FdC:\Users\79059\Documents\Work\QRCodeScanner\libs\DirectXTex\DirectXTex\Shaders/Compiled\BC7Encode_TryMode02CS_cs40.pdb" /VnBC7Encode_TryMode02CS
C:\Users\79059\Documents\Work\QRCodeScanner\libs\DirectXTex\DirectXTex\DirectXTex_Windows10_2022.vcxproj(348,5): error : 'fxc.exe' is not recognized as an internal or external command,
C:\Users\79059\Documents\Work\QRCodeScanner\libs\DirectXTex\DirectXTex\DirectXTex_Windows10_2022.vcxproj(348,5): error : operable program or batch file.
  
  fxc.exe "BC7Encode.hlsl" /nologo /WX /Ges /Zi /Zpc /Qstrip_reflect /Qstrip_debug /Tcs_5_0 /EEncodeBlockCS "/FhC:\Users\79059\Documents\Work\QRCodeScanner\libs\DirectXTex\DirectXTex\Shaders/Compiled\BC7Encode_EncodeBlockCS.inc" "/FdC:\Users\79059\Documents\Work\QRCodeScanner\libs\DirectXTex\DirectXTex\Shaders/Compiled\BC7Encode_EncodeBlockCS.pdb" /VnBC7Encode_EncodeBlockCS
C:\Users\79059\Documents\Work\QRCodeScanner\libs\DirectXTex\DirectXTex\DirectXTex_Windows10_2022.vcxproj(348,5): error : 'fxc.exe' is not recognized as an internal or external command,
C:\Users\79059\Documents\Work\QRCodeScanner\libs\DirectXTex\DirectXTex\DirectXTex_Windows10_2022.vcxproj(348,5): error : operable program or batch file.
  fxc.exe "BC7Encode.hlsl" /nologo /WX /Ges /Zi /Zpc /Qstrip_reflect /Qstrip_debug /Tcs_4_0 /DEMULATE_F16C /EEncodeBlockCS "/FhC:\Users\79059\Documents\Work\QRCodeScanner\libs\DirectXTex\DirectXTex\Shaders/Compiled\BC7Encode_EncodeBlockCS_cs40.inc" "/FdC:\Users\79059\Documents\Work\QRCodeScanner\libs\DirectXTex\DirectXTex\Shaders/Compiled\BC7Encode_EncodeBlockCS_cs40.pdb" /VnBC7Encode_EncodeBlockCS
C:\Users\79059\Documents\Work\QRCodeScanner\libs\DirectXTex\DirectXTex\DirectXTex_Windows10_2022.vcxproj(348,5): error : 'fxc.exe' is not recognized as an internal or external command,
C:\Users\79059\Documents\Work\QRCodeScanner\libs\DirectXTex\DirectXTex\DirectXTex_Windows10_2022.vcxproj(348,5): error : operable program or batch file.
  
  fxc.exe "BC6HEncode.hlsl" /nologo /WX /Ges /Zi /Zpc /Qstrip_reflect /Qstrip_debug /Tcs_5_0 /ETryModeG10CS "/FhC:\Users\79059\Documents\Work\QRCodeScanner\libs\DirectXTex\DirectXTex\Shaders/Compiled\BC6HEncode_TryModeG10CS.inc" "/FdC:\Users\79059\Documents\Work\QRCodeScanner\libs\DirectXTex\DirectXTex\Shaders/Compiled\BC6HEncode_TryModeG10CS.pdb" /VnBC6HEncode_TryModeG10CS
C:\Users\79059\Documents\Work\QRCodeScanner\libs\DirectXTex\DirectXTex\DirectXTex_Windows10_2022.vcxproj(348,5): error : 'fxc.exe' is not recognized as an internal or external command,
C:\Users\79059\Documents\Work\QRCodeScanner\libs\DirectXTex\DirectXTex\DirectXTex_Windows10_2022.vcxproj(348,5): error : operable program or batch file.
  fxc.exe "BC6HEncode.hlsl" /nologo /WX /Ges /Zi /Zpc /Qstrip_reflect /Qstrip_debug /Tcs_4_0 /DEMULATE_F16C /ETryModeG10CS "/FhC:\Users\79059\Documents\Work\QRCodeScanner\libs\DirectXTex\DirectXTex\Shaders/Compiled\BC6HEncode_TryModeG10CS_cs40.inc" "/FdC:\Users\79059\Documents\Work\QRCodeScanner\libs\DirectXTex\DirectXTex\Shaders/Compiled\BC6HEncode_TryModeG10CS_cs40.pdb" /VnBC6HEncode_TryModeG10CS
C:\Users\79059\Documents\Work\QRCodeScanner\libs\DirectXTex\DirectXTex\DirectXTex_Windows10_2022.vcxproj(348,5): error : 'fxc.exe' is not recognized as an internal or external command,
C:\Users\79059\Documents\Work\QRCodeScanner\libs\DirectXTex\DirectXTex\DirectXTex_Windows10_2022.vcxproj(348,5): error : operable program or batch file.
  
  fxc.exe "BC6HEncode.hlsl" /nologo /WX /Ges /Zi /Zpc /Qstrip_reflect /Qstrip_debug /Tcs_5_0 /ETryModeLE10CS "/FhC:\Users\79059\Documents\Work\QRCodeScanner\libs\DirectXTex\DirectXTex\Shaders/Compiled\BC6HEncode_TryModeLE10CS.inc" "/FdC:\Users\79059\Documents\Work\QRCodeScanner\libs\DirectXTex\DirectXTex\Shaders/Compiled\BC6HEncode_TryModeLE10CS.pdb" /VnBC6HEncode_TryModeLE10CS
C:\Users\79059\Documents\Work\QRCodeScanner\libs\DirectXTex\DirectXTex\DirectXTex_Windows10_2022.vcxproj(348,5): error : 'fxc.exe' is not recognized as an internal or external command,
C:\Users\79059\Documents\Work\QRCodeScanner\libs\DirectXTex\DirectXTex\DirectXTex_Windows10_2022.vcxproj(348,5): error : operable program or batch file.
  fxc.exe "BC6HEncode.hlsl" /nologo /WX /Ges /Zi /Zpc /Qstrip_reflect /Qstrip_debug /Tcs_4_0 /DEMULATE_F16C /ETryModeLE10CS "/FhC:\Users\79059\Documents\Work\QRCodeScanner\libs\DirectXTex\DirectXTex\Shaders/Compiled\BC6HEncode_TryModeLE10CS_cs40.inc" "/FdC:\Users\79059\Documents\Work\QRCodeScanner\libs\DirectXTex\DirectXTex\Shaders/Compiled\BC6HEncode_TryModeLE10CS_cs40.pdb" /VnBC6HEncode_TryModeLE10CS
C:\Users\79059\Documents\Work\QRCodeScanner\libs\DirectXTex\DirectXTex\DirectXTex_Windows10_2022.vcxproj(348,5): error : 'fxc.exe' is not recognized as an internal or external command,
C:\Users\79059\Documents\Work\QRCodeScanner\libs\DirectXTex\DirectXTex\DirectXTex_Windows10_2022.vcxproj(348,5): error : operable program or batch file.
  
  fxc.exe "BC6HEncode.hlsl" /nologo /WX /Ges /Zi /Zpc /Qstrip_reflect /Qstrip_debug /Tcs_5_0 /EEncodeBlockCS "/FhC:\Users\79059\Documents\Work\QRCodeScanner\libs\DirectXTex\DirectXTex\Shaders/Compiled\BC6HEncode_EncodeBlockCS.inc" "/FdC:\Users\79059\Documents\Work\QRCodeScanner\libs\DirectXTex\DirectXTex\Shaders/Compiled\BC6HEncode_EncodeBlockCS.pdb" /VnBC6HEncode_EncodeBlockCS
C:\Users\79059\Documents\Work\QRCodeScanner\libs\DirectXTex\DirectXTex\DirectXTex_Windows10_2022.vcxproj(348,5): error : 'fxc.exe' is not recognized as an internal or external command,
C:\Users\79059\Documents\Work\QRCodeScanner\libs\DirectXTex\DirectXTex\DirectXTex_Windows10_2022.vcxproj(348,5): error : operable program or batch file.
  fxc.exe "BC6HEncode.hlsl" /nologo /WX /Ges /Zi /Zpc /Qstrip_reflect /Qstrip_debug /Tcs_4_0 /DEMULATE_F16C /EEncodeBlockCS "/FhC:\Users\79059\Documents\Work\QRCodeScanner\libs\DirectXTex\DirectXTex\Shaders/Compiled\BC6HEncode_EncodeBlockCS_cs40.inc" "/FdC:\Users\79059\Documents\Work\QRCodeScanner\libs\DirectXTex\DirectXTex\Shaders/Compiled\BC6HEncode_EncodeBlockCS_cs40.pdb" /VnBC6HEncode_EncodeBlockCS
C:\Users\79059\Documents\Work\QRCodeScanner\libs\DirectXTex\DirectXTex\DirectXTex_Windows10_2022.vcxproj(348,5): error : 'fxc.exe' is not recognized as an internal or external command,
C:\Users\79059\Documents\Work\QRCodeScanner\libs\DirectXTex\DirectXTex\DirectXTex_Windows10_2022.vcxproj(348,5): error : operable program or batch file.
  
  There were shader compilation errors!
C:\Users\79059\Documents\Work\QRCodeScanner\libs\DirectXTex\DirectXTex\DirectXTex_Windows10_2022.vcxproj(348,5): error MSB3073: выход из команды "CompileShaders" с кодом 1.
